<?xml version="1.0" encoding="UTF-8"?>
<!-- Generated by org.testng.reporters.JUnitReportReporter -->
<testsuite skipped="0" hostname="computer" name="testcases.login" tests="1" failures="0" timestamp="24 Jun 2020 03:11:11 GMT" time="26.776" errors="0">
  <testcase name="loginapp" time="26.776" classname="testcases.login"/>
</testsuite> <!-- testcases.login -->
